
=== Tue Nov 21 17:44:23 2023

Packages were changed.
Update Mode: updateDependencies

The following packages were added:
  com.unity.2d.sprite@1.0.0
  com.unity.2d.tilemap@1.0.0
  com.unity.ide.rider@3.0.15
  com.unity.ide.visualstudio@2.0.16
  com.unity.ide.vscode@1.2.5
  com.unity.modules.androidjni@1.0.0
  com.unity.modules.audio@1.0.0
  com.unity.modules.director@1.0.0
  com.unity.modules.jsonserialize@1.0.0
  com.unity.modules.unitywebrequest@1.0.0
  com.unity.modules.video@1.0.0
  com.unity.modules.vr@1.0.0
  com.unity.modules.xr@1.0.0
  com.unity.test-framework@1.1.33
  com.unity.timeline@1.7.1
  com.unity.ugui@1.0.0
  com.unity.xr.legacyinputhelpers@2.1.9
The following packages were removed:
  com.unity.package-manager-ui@2.0.3
